Starting AssetCooker...
Argument '--shaders' has been deprecated and is no longer used.
Opened output file: C:\Users\b.andula\Documents\My Games\Sid Meier's Civilization VI\Mods\RwbyMoon's Lithuania\ArtDefs/Units.artdef
Cooking ArtDef: (Cultures.artdef).
Cooking ArtDef: (Eras.artdef).
Cooking ArtDef: (CityGenerators.artdef).
Cooking ArtDef: (Appeal.artdef).
Cannot cook the ArtDef (Buildings_Shared.artdef) since it does not exist in the pantry!
Cooking ArtDef: (Landmarks.artdef).
 >> Landmarks.artdef >> Districts >> DISTRICT_RWB_PILIAKALNIS >> BaseVariants >> MERVECHE1 >> Asset references an XLP entry (DIS_Veche_Ancient_Base_01) that does not exist in the XLP (tilebases.xlp).
 >> Landmarks.artdef >> Districts >> DISTRICT_RWB_PILIAKALNIS >> BaseVariants >> MERVECHE1 >> Asset has had its value replaced with its default value.

 >> Landmarks.artdef >> Districts >> DISTRICT_RWB_PILIAKALNIS >> BaseVariants >> MERVECHE10 >> Asset references an XLP entry (DIS_Veche_Classical_Base_01) that does not exist in the XLP (tilebases.xlp).
 >> Landmarks.artdef >> Districts >> DISTRICT_RWB_PILIAKALNIS >> BaseVariants >> MERVECHE10 >> Asset has had its value replaced with its default value.

 >> Landmarks.artdef >> Districts >> DISTRICT_RWB_PILIAKALNIS >> BaseVariants >> MERVECHE100 >> Asset references an XLP entry (DIS_Veche_Classical_Base_02) that does not exist in the XLP (tilebases.xlp).
 >> Landmarks.artdef >> Districts >> DISTRICT_RWB_PILIAKALNIS >> BaseVariants >> MERVECHE100 >> Asset has had its value replaced with its default value.

 >> Landmarks.artdef >> Districts >> DISTRICT_RWB_PILIAKALNIS >> BaseVariants >> MERVECHE1000 >> Asset references an XLP entry (DIS_Veche_Classical_Base_02) that does not exist in the XLP (tilebases.xlp).
 >> Landmarks.artdef >> Districts >> DISTRICT_RWB_PILIAKALNIS >> BaseVariants >> MERVECHE1000 >> Asset has had its value replaced with its default value.

 >> Landmarks.artdef >> Districts >> DISTRICT_RWB_PILIAKALNIS >> BaseVariants >> MERVECHE11 >> Asset references an XLP entry (DIS_Veche_Classical_Base_02) that does not exist in the XLP (tilebases.xlp).
 >> Landmarks.artdef >> Districts >> DISTRICT_RWB_PILIAKALNIS >> BaseVariants >> MERVECHE11 >> Asset has had its value replaced with its default value.

 >> Landmarks.artdef >> Districts >> DISTRICT_RWB_PILIAKALNIS >> BaseVariants >> MERVECHE114 >> Asset references an XLP entry (DIS_Veche_Industrial_Base_01) that does not exist in the XLP (tilebases.xlp).
 >> Landmarks.artdef >> Districts >> DISTRICT_RWB_PILIAKALNIS >> BaseVariants >> MERVECHE114 >> Asset has had its value replaced with its default value.

 >> Landmarks.artdef >> Districts >> DISTRICT_RWB_PILIAKALNIS >> BaseVariants >> MERVECHE115 >> Asset references an XLP entry (DIS_Veche_Industrial_Base_02) that does not exist in the XLP (tilebases.xlp).
 >> Landmarks.artdef >> Districts >> DISTRICT_RWB_PILIAKALNIS >> BaseVariants >> MERVECHE115 >> Asset has had its value replaced with its default value.

 >> Landmarks.artdef >> Districts >> DISTRICT_RWB_PILIAKALNIS >> BaseVariants >> BMERVECHE116 >> Asset references an XLP entry (DIS_Veche_Industrial_Base_02) that does not exist in the XLP (tilebases.xlp).
 >> Landmarks.artdef >> Districts >> DISTRICT_RWB_PILIAKALNIS >> BaseVariants >> BMERVECHE116 >> Asset has had its value replaced with its default value.

 >> Landmarks.artdef >> Districts >> DISTRICT_RWB_PILIAKALNIS >> BaseVariants >> MERVECHE117 >> Asset references an XLP entry (DIS_Veche_Industrial_Base_02) that does not exist in the XLP (tilebases.xlp).
 >> Landmarks.artdef >> Districts >> DISTRICT_RWB_PILIAKALNIS >> BaseVariants >> MERVECHE117 >> Asset has had its value replaced with its default value.

 >> Landmarks.artdef >> Districts >> DISTRICT_RWB_PILIAKALNIS >> BaseVariants >> MERVECHE1110 >> Asset references an XLP entry (DIS_Veche_Classical_Base_03) that does not exist in the XLP (tilebases.xlp).
 >> Landmarks.artdef >> Districts >> DISTRICT_RWB_PILIAKALNIS >> BaseVariants >> MERVECHE1110 >> Asset has had its value replaced with its default value.

 >> Landmarks.artdef >> Districts >> DISTRICT_RWB_PILIAKALNIS >> BaseVariants >> BaseVariants006 >> Asset references an XLP entry (DIS_Veche_Classical_Base_03) that does not exist in the XLP (tilebases.xlp).
 >> Landmarks.artdef >> Districts >> DISTRICT_RWB_PILIAKALNIS >> BaseVariants >> BaseVariants006 >> Asset has had its value replaced with its default value.

 >> Landmarks.artdef >> Districts >> DISTRICT_RWB_PILIAKALNIS >> BaseVariants >> MERVECHE1007 >> Asset references an XLP entry (DIS_Veche_Classical_Base_03) that does not exist in the XLP (tilebases.xlp).
 >> Landmarks.artdef >> Districts >> DISTRICT_RWB_PILIAKALNIS >> BaseVariants >> MERVECHE1007 >> Asset has had its value replaced with its default value.

 >> Landmarks.artdef >> Districts >> DISTRICT_RWB_PILIAKALNIS >> BaseVariants >> MERVECHE1008 >> Asset references an XLP entry (DIS_Veche_Classical_Base_03) that does not exist in the XLP (tilebases.xlp).
 >> Landmarks.artdef >> Districts >> DISTRICT_RWB_PILIAKALNIS >> BaseVariants >> MERVECHE1008 >> Asset has had its value replaced with its default value.

 >> Landmarks.artdef >> Districts >> DISTRICT_RWB_PILIAKALNIS >> BaseVariants >> MERVECHE109 >> Asset references an XLP entry (DIS_Veche_Classical_Base_03) that does not exist in the XLP (tilebases.xlp).
 >> Landmarks.artdef >> Districts >> DISTRICT_RWB_PILIAKALNIS >> BaseVariants >> MERVECHE109 >> Asset has had its value replaced with its default value.

 >> Landmarks.artdef >> Districts >> DISTRICT_RWB_PILIAKALNIS >> BaseVariants >> MERVECHE110 >> Asset references an XLP entry (DIS_Veche_Classical_Base_03) that does not exist in the XLP (tilebases.xlp).
 >> Landmarks.artdef >> Districts >> DISTRICT_RWB_PILIAKALNIS >> BaseVariants >> MERVECHE110 >> Asset has had its value replaced with its default value.

 >> Landmarks.artdef >> Districts >> DISTRICT_RWB_PILIAKALNIS >> BaseVariants >> MERVECHE111 >> Asset references an XLP entry (DIS_Veche_Classical_Base_03) that does not exist in the XLP (tilebases.xlp).
 >> Landmarks.artdef >> Districts >> DISTRICT_RWB_PILIAKALNIS >> BaseVariants >> MERVECHE111 >> Asset has had its value replaced with its default value.

 >> Landmarks.artdef >> Districts >> DISTRICT_RWB_PILIAKALNIS >> BaseVariants >> MERVECHE12 >> Asset references an XLP entry (DIS_Veche_Classical_Base_03) that does not exist in the XLP (tilebases.xlp).
 >> Landmarks.artdef >> Districts >> DISTRICT_RWB_PILIAKALNIS >> BaseVariants >> MERVECHE12 >> Asset has had its value replaced with its default value.

 >> Landmarks.artdef >> Districts >> DISTRICT_RWB_PILIAKALNIS >> BaseVariants >> MERVECHE1013 >> Asset references an XLP entry (DIS_Veche_Classical_Base_03) that does not exist in the XLP (tilebases.xlp).
 >> Landmarks.artdef >> Districts >> DISTRICT_RWB_PILIAKALNIS >> BaseVariants >> MERVECHE1013 >> Asset has had its value replaced with its default value.

 >> Landmarks.artdef >> Districts >> DISTRICT_RWB_PILIAKALNIS >> BaseVariants >> BMERVECHE1018 >> Asset references an XLP entry (DIS_Veche_Industrial_Base_03) that does not exist in the XLP (tilebases.xlp).
 >> Landmarks.artdef >> Districts >> DISTRICT_RWB_PILIAKALNIS >> BaseVariants >> BMERVECHE1018 >> Asset has had its value replaced with its default value.

 >> Landmarks.artdef >> Districts >> DISTRICT_RWB_PILIAKALNIS >> BaseVariants >> BaseVariants019 >> Asset references an XLP entry (DIS_Veche_Industrial_Base_03) that does not exist in the XLP (tilebases.xlp).
 >> Landmarks.artdef >> Districts >> DISTRICT_RWB_PILIAKALNIS >> BaseVariants >> BaseVariants019 >> Asset has had its value replaced with its default value.

 >> Landmarks.artdef >> Districts >> DISTRICT_RWB_PILIAKALNIS >> BaseVariants >> BaseVaria2nts020 >> Asset references an XLP entry (DIS_Veche_Industrial_Base_03) that does not exist in the XLP (tilebases.xlp).
 >> Landmarks.artdef >> Districts >> DISTRICT_RWB_PILIAKALNIS >> BaseVariants >> BaseVaria2nts020 >> Asset has had its value replaced with its default value.

 >> Landmarks.artdef >> Districts >> DISTRICT_RWB_PILIAKALNIS >> BaseVariants >> BaseVarian4ts021 >> Asset references an XLP entry (DIS_Veche_Industrial_Base_03) that does not exist in the XLP (tilebases.xlp).
 >> Landmarks.artdef >> Districts >> DISTRICT_RWB_PILIAKALNIS >> BaseVariants >> BaseVarian4ts021 >> Asset has had its value replaced with its default value.

 >> Landmarks.artdef >> Districts >> DISTRICT_RWB_PILIAKALNIS >> BaseVariants >> BaseVaria6nts022 >> Asset references an XLP entry (DIS_Veche_Industrial_Base_03) that does not exist in the XLP (tilebases.xlp).
 >> Landmarks.artdef >> Districts >> DISTRICT_RWB_PILIAKALNIS >> BaseVariants >> BaseVaria6nts022 >> Asset has had its value replaced with its default value.

 >> Landmarks.artdef >> Districts >> DISTRICT_RWB_PILIAKALNIS >> BaseVariants >> BaseVa2riants023 >> Asset references an XLP entry (DIS_Veche_Industrial_Base_03) that does not exist in the XLP (tilebases.xlp).
 >> Landmarks.artdef >> Districts >> DISTRICT_RWB_PILIAKALNIS >> BaseVariants >> BaseVa2riants023 >> Asset has had its value replaced with its default value.

 >> Landmarks.artdef >> Districts >> DISTRICT_RWB_PILIAKALNIS >> BaseVariants >> BaseVarian6ts024 >> Asset references an XLP entry (DIS_Veche_Industrial_Base_03) that does not exist in the XLP (tilebases.xlp).
 >> Landmarks.artdef >> Districts >> DISTRICT_RWB_PILIAKALNIS >> BaseVariants >> BaseVarian6ts024 >> Asset has had its value replaced with its default value.

 >> Landmarks.artdef >> Districts >> DISTRICT_RWB_PILIAKALNIS >> BaseVariants >> BaseVariant5s025 >> Asset references an XLP entry (DIS_Veche_Industrial_Base_03) that does not exist in the XLP (tilebases.xlp).
 >> Landmarks.artdef >> Districts >> DISTRICT_RWB_PILIAKALNIS >> BaseVariants >> BaseVariant5s025 >> Asset has had its value replaced with its default value.

 >> Landmarks.artdef >> Districts >> DISTRICT_RWB_PILIAKALNIS >> BaseVariants >> BaseVarian2ts026 >> Asset references an XLP entry (DIS_Veche_Industrial_Base_03) that does not exist in the XLP (tilebases.xlp).
 >> Landmarks.artdef >> Districts >> DISTRICT_RWB_PILIAKALNIS >> BaseVariants >> BaseVarian2ts026 >> Asset has had its value replaced with its default value.

 >> Landmarks.artdef >> Districts >> DISTRICT_RWB_PILIAKALNIS >> BaseVariants >> BaseVarian4t4s027 >> Asset references an XLP entry (DIS_Veche_Modern_Base_01) that does not exist in the XLP (tilebases.xlp).
 >> Landmarks.artdef >> Districts >> DISTRICT_RWB_PILIAKALNIS >> BaseVariants >> BaseVarian4t4s027 >> Asset has had its value replaced with its default value.

 >> Landmarks.artdef >> Districts >> DISTRICT_RWB_PILIAKALNIS >> BaseVariants >> BaseVarian26ts028 >> Asset references an XLP entry (DIS_Veche_Modern_Base_02) that does not exist in the XLP (tilebases.xlp).
 >> Landmarks.artdef >> Districts >> DISTRICT_RWB_PILIAKALNIS >> BaseVariants >> BaseVarian26ts028 >> Asset has had its value replaced with its default value.

 >> Landmarks.artdef >> Districts >> DISTRICT_RWB_PILIAKALNIS >> BaseVariants >> MERVECHE2 >> Asset references an XLP entry (DIS_Veche_Modern_Base_02) that does not exist in the XLP (tilebases.xlp).
 >> Landmarks.artdef >> Districts >> DISTRICT_RWB_PILIAKALNIS >> BaseVariants >> MERVECHE2 >> Asset has had its value replaced with its default value.

 >> Landmarks.artdef >> Districts >> DISTRICT_RWB_PILIAKALNIS >> BaseVariants >> BaseVariant65s030 >> Asset references an XLP entry (DIS_Veche_Modern_Base_02) that does not exist in the XLP (tilebases.xlp).
 >> Landmarks.artdef >> Districts >> DISTRICT_RWB_PILIAKALNIS >> BaseVariants >> BaseVariant65s030 >> Asset has had its value replaced with its default value.

 >> Landmarks.artdef >> Districts >> DISTRICT_RWB_PILIAKALNIS >> BaseVariants >> BaseVarian15ts031 >> Asset references an XLP entry (DIS_Veche_Modern_Base_02) that does not exist in the XLP (tilebases.xlp).
 >> Landmarks.artdef >> Districts >> DISTRICT_RWB_PILIAKALNIS >> BaseVariants >> BaseVarian15ts031 >> Asset has had its value replaced with its default value.

 >> Landmarks.artdef >> Districts >> DISTRICT_RWB_PILIAKALNIS >> BaseVariants >> BaseVaria666nts032 >> Asset references an XLP entry (DIS_Veche_Modern_Base_03) that does not exist in the XLP (tilebases.xlp).
 >> Landmarks.artdef >> Districts >> DISTRICT_RWB_PILIAKALNIS >> BaseVariants >> BaseVaria666nts032 >> Asset has had its value replaced with its default value.

 >> Landmarks.artdef >> Districts >> DISTRICT_RWB_PILIAKALNIS >> BaseVariants >> BaseVari555542ants033 >> Asset references an XLP entry (DIS_Veche_Modern_Base_03) that does not exist in the XLP (tilebases.xlp).
 >> Landmarks.artdef >> Districts >> DISTRICT_RWB_PILIAKALNIS >> BaseVariants >> BaseVari555542ants033 >> Asset has had its value replaced with its default value.

 >> Landmarks.artdef >> Districts >> DISTRICT_RWB_PILIAKALNIS >> BaseVariants >> BaseVari4235125ants034 >> Asset references an XLP entry (DIS_Veche_Modern_Base_03) that does not exist in the XLP (tilebases.xlp).
 >> Landmarks.artdef >> Districts >> DISTRICT_RWB_PILIAKALNIS >> BaseVariants >> BaseVari4235125ants034 >> Asset has had its value replaced with its default value.

 >> Landmarks.artdef >> Districts >> DISTRICT_RWB_PILIAKALNIS >> BaseVariants >> BaseVaria662616nts035 >> Asset references an XLP entry (DIS_Veche_Modern_Base_03) that does not exist in the XLP (tilebases.xlp).
 >> Landmarks.artdef >> Districts >> DISTRICT_RWB_PILIAKALNIS >> BaseVariants >> BaseVaria662616nts035 >> Asset has had its value replaced with its default value.

 >> Landmarks.artdef >> Districts >> DISTRICT_RWB_PILIAKALNIS >> BaseVariants >> BaseVari141515ants036 >> Asset references an XLP entry (DIS_Veche_Modern_Base_03) that does not exist in the XLP (tilebases.xlp).
 >> Landmarks.artdef >> Districts >> DISTRICT_RWB_PILIAKALNIS >> BaseVariants >> BaseVari141515ants036 >> Asset has had its value replaced with its default value.

 >> Landmarks.artdef >> Districts >> DISTRICT_RWB_PILIAKALNIS >> BaseVariants >> BaseVaria5151651nts037 >> Asset references an XLP entry (DIS_Veche_Modern_Base_03) that does not exist in the XLP (tilebases.xlp).
 >> Landmarks.artdef >> Districts >> DISTRICT_RWB_PILIAKALNIS >> BaseVariants >> BaseVaria5151651nts037 >> Asset has had its value replaced with its default value.

 >> Landmarks.artdef >> Districts >> DISTRICT_RWB_PILIAKALNIS >> BaseVariants >> BaseVarian5166ts038 >> Asset references an XLP entry (DIS_Veche_Modern_Base_03) that does not exist in the XLP (tilebases.xlp).
 >> Landmarks.artdef >> Districts >> DISTRICT_RWB_PILIAKALNIS >> BaseVariants >> BaseVarian5166ts038 >> Asset has had its value replaced with its default value.

 >> Landmarks.artdef >> Districts >> DISTRICT_RWB_PILIAKALNIS >> BaseVariants >> BaseVaria16161nts039 >> Asset references an XLP entry (DIS_Veche_Modern_Base_03) that does not exist in the XLP (tilebases.xlp).
 >> Landmarks.artdef >> Districts >> DISTRICT_RWB_PILIAKALNIS >> BaseVariants >> BaseVaria16161nts039 >> Asset has had its value replaced with its default value.

 >> Landmarks.artdef >> Districts >> DISTRICT_RWB_PILIAKALNIS >> BaseVariants >> BaseVaria16632nts040 >> Asset references an XLP entry (DIS_Veche_Modern_Base_04) that does not exist in the XLP (tilebases.xlp).
 >> Landmarks.artdef >> Districts >> DISTRICT_RWB_PILIAKALNIS >> BaseVariants >> BaseVaria16632nts040 >> Asset has had its value replaced with its default value.

 >> Landmarks.artdef >> Districts >> DISTRICT_RWB_PILIAKALNIS >> BaseVariants >> BaseVarian162632ts041 >> Asset references an XLP entry (DIS_Veche_Modern_Base_04) that does not exist in the XLP (tilebases.xlp).
 >> Landmarks.artdef >> Districts >> DISTRICT_RWB_PILIAKALNIS >> BaseVariants >> BaseVarian162632ts041 >> Asset has had its value replaced with its default value.

 >> Landmarks.artdef >> Districts >> DISTRICT_RWB_PILIAKALNIS >> BaseVariants >> BaseVaria1613261nts042 >> Asset references an XLP entry (DIS_Veche_Modern_Base_04) that does not exist in the XLP (tilebases.xlp).
 >> Landmarks.artdef >> Districts >> DISTRICT_RWB_PILIAKALNIS >> BaseVariants >> BaseVaria1613261nts042 >> Asset has had its value replaced with its default value.

 >> Landmarks.artdef >> Districts >> DISTRICT_RWB_PILIAKALNIS >> BaseVariants >> BaseVaria1556nts043 >> Asset references an XLP entry (DIS_Veche_Modern_Base_04) that does not exist in the XLP (tilebases.xlp).
 >> Landmarks.artdef >> Districts >> DISTRICT_RWB_PILIAKALNIS >> BaseVariants >> BaseVaria1556nts043 >> Asset has had its value replaced with its default value.

 >> Landmarks.artdef >> Districts >> DISTRICT_RWB_PILIAKALNIS >> BaseVariants >> BaseVarian166161ts044 >> Asset references an XLP entry (DIS_Veche_Modern_Base_04) that does not exist in the XLP (tilebases.xlp).
 >> Landmarks.artdef >> Districts >> DISTRICT_RWB_PILIAKALNIS >> BaseVariants >> BaseVarian166161ts044 >> Asset has had its value replaced with its default value.

 >> Landmarks.artdef >> Districts >> DISTRICT_RWB_PILIAKALNIS >> BaseVariants >> BaseVariant11516s045 >> Asset references an XLP entry (DIS_Veche_Modern_Base_04) that does not exist in the XLP (tilebases.xlp).
 >> Landmarks.artdef >> Districts >> DISTRICT_RWB_PILIAKALNIS >> BaseVariants >> BaseVariant11516s045 >> Asset has had its value replaced with its default value.

 >> Landmarks.artdef >> Districts >> DISTRICT_RWB_PILIAKALNIS >> BaseVariants >> BaseVaria76554nts046 >> Asset references an XLP entry (DIS_Veche_Modern_Base_04) that does not exist in the XLP (tilebases.xlp).
 >> Landmarks.artdef >> Districts >> DISTRICT_RWB_PILIAKALNIS >> BaseVariants >> BaseVaria76554nts046 >> Asset has had its value replaced with its default value.

 >> Landmarks.artdef >> Districts >> DISTRICT_RWB_PILIAKALNIS >> BaseVariants >> BaseVariants0425617 >> Asset references an XLP entry (DIS_Veche_Modern_Base_04) that does not exist in the XLP (tilebases.xlp).
 >> Landmarks.artdef >> Districts >> DISTRICT_RWB_PILIAKALNIS >> BaseVariants >> BaseVariants0425617 >> Asset has had its value replaced with its default value.

 >> Landmarks.artdef >> Districts >> DISTRICT_RWB_PILIAKALNIS >> BaseVariants >> BaseVar255iants151516048 >> Asset references an XLP entry (DIS_Veche_Modern_Base_04) that does not exist in the XLP (tilebases.xlp).
 >> Landmarks.artdef >> Districts >> DISTRICT_RWB_PILIAKALNIS >> BaseVariants >> BaseVar255iants151516048 >> Asset has had its value replaced with its default value.

 >> Landmarks.artdef >> Districts >> DISTRICT_RWB_PILIAKALNIS >> BaseVariants >> BaseVaria1651nts049 >> Asset references an XLP entry (DIS_Veche_Modern_Base_04) that does not exist in the XLP (tilebases.xlp).
 >> Landmarks.artdef >> Districts >> DISTRICT_RWB_PILIAKALNIS >> BaseVariants >> BaseVaria1651nts049 >> Asset has had its value replaced with its default value.

 >> Landmarks.artdef >> Districts >> DISTRICT_RWB_PILIAKALNIS >> BaseVariants >> BaseVariant652152s050 >> Asset references an XLP entry (DIS_Veche_Modern_Base_04) that does not exist in the XLP (tilebases.xlp).
 >> Landmarks.artdef >> Districts >> DISTRICT_RWB_PILIAKALNIS >> BaseVariants >> BaseVariant652152s050 >> Asset has had its value replaced with its default value.

 >> Landmarks.artdef >> Districts >> DISTRICT_RWB_PILIAKALNIS >> BaseVariants >> BaseVariant52565s051 >> Asset references an XLP entry (DIS_Veche_Modern_Base_04) that does not exist in the XLP (tilebases.xlp).
 >> Landmarks.artdef >> Districts >> DISTRICT_RWB_PILIAKALNIS >> BaseVariants >> BaseVariant52565s051 >> Asset has had its value replaced with its default value.

 >> Landmarks.artdef >> Districts >> DISTRICT_RWB_PILIAKALNIS >> BaseVariants >> BaseVaria6151nts052 >> Asset references an XLP entry (DIS_Veche_Modern_Base_04) that does not exist in the XLP (tilebases.xlp).
 >> Landmarks.artdef >> Districts >> DISTRICT_RWB_PILIAKALNIS >> BaseVariants >> BaseVaria6151nts052 >> Asset has had its value replaced with its default value.

 >> Landmarks.artdef >> Districts >> DISTRICT_RWB_PILIAKALNIS >> BaseVariants >> BaseVaria12567615nts053 >> Asset references an XLP entry (DIS_Veche_Modern_Base_04) that does not exist in the XLP (tilebases.xlp).
 >> Landmarks.artdef >> Districts >> DISTRICT_RWB_PILIAKALNIS >> BaseVariants >> BaseVaria12567615nts053 >> Asset has had its value replaced with its default value.

 >> Landmarks.artdef >> Districts >> DISTRICT_RWB_PILIAKALNIS >> BaseVariants >> BaseVaria7654216nts054 >> Asset references an XLP entry (DIS_Veche_Modern_Base_04) that does not exist in the XLP (tilebases.xlp).
 >> Landmarks.artdef >> Districts >> DISTRICT_RWB_PILIAKALNIS >> BaseVariants >> BaseVaria7654216nts054 >> Asset has had its value replaced with its default value.

 >> Landmarks.artdef >> Districts >> DISTRICT_RWB_PILIAKALNIS >> BaseVariants >> 776551MER >> Asset references an XLP entry (DIS_Veche_Modern_Base_04) that does not exist in the XLP (tilebases.xlp).
 >> Landmarks.artdef >> Districts >> DISTRICT_RWB_PILIAKALNIS >> BaseVariants >> 776551MER >> Asset has had its value replaced with its default value.

 >> Landmarks.artdef >> Districts >> DISTRICT_RWB_PILIAKALNIS >> BaseVariants >> BaseVarian51516ts056 >> Asset references an XLP entry (DIS_Veche_Modern_Base_04) that does not exist in the XLP (tilebases.xlp).
 >> Landmarks.artdef >> Districts >> DISTRICT_RWB_PILIAKALNIS >> BaseVariants >> BaseVarian51516ts056 >> Asset has had its value replaced with its default value.

 >> Landmarks.artdef >> Districts >> DISTRICT_RWB_PILIAKALNIS >> BaseVariants >> BaseVa66356riants057 >> Asset references an XLP entry (DIS_Veche_Modern_Base_04) that does not exist in the XLP (tilebases.xlp).
 >> Landmarks.artdef >> Districts >> DISTRICT_RWB_PILIAKALNIS >> BaseVariants >> BaseVa66356riants057 >> Asset has had its value replaced with its default value.

 >> Landmarks.artdef >> Districts >> DISTRICT_RWB_PILIAKALNIS >> BaseVariants >> BaseVaria161616nts058 >> Asset references an XLP entry (DIS_Veche_Modern_Base_04) that does not exist in the XLP (tilebases.xlp).
 >> Landmarks.artdef >> Districts >> DISTRICT_RWB_PILIAKALNIS >> BaseVariants >> BaseVaria161616nts058 >> Asset has had its value replaced with its default value.

 >> Landmarks.artdef >> Districts >> DISTRICT_RWB_PILIAKALNIS >> BaseVariants >> BaseVariant125165s059 >> Asset references an XLP entry (DIS_Veche_Modern_Base_04) that does not exist in the XLP (tilebases.xlp).
 >> Landmarks.artdef >> Districts >> DISTRICT_RWB_PILIAKALNIS >> BaseVariants >> BaseVariant125165s059 >> Asset has had its value replaced with its default value.

 >> Landmarks.artdef >> Districts >> DISTRICT_RWB_PILIAKALNIS >> BaseVariants >> 16616MRER >> Asset references an XLP entry (DIS_Veche_Modern_Base_04) that does not exist in the XLP (tilebases.xlp).
 >> Landmarks.artdef >> Districts >> DISTRICT_RWB_PILIAKALNIS >> BaseVariants >> 16616MRER >> Asset has had its value replaced with its default value.

 >> Landmarks.artdef >> Districts >> DISTRICT_RWB_PILIAKALNIS >> BaseVariants >> BaseVariant15275s061 >> Asset references an XLP entry (DIS_Veche_Modern_Base_04) that does not exist in the XLP (tilebases.xlp).
 >> Landmarks.artdef >> Districts >> DISTRICT_RWB_PILIAKALNIS >> BaseVariants >> BaseVariant15275s061 >> Asset has had its value replaced with its default value.

 >> Landmarks.artdef >> Districts >> DISTRICT_RWB_PILIAKALNIS >> BaseVariants >> BaseVariants061251652 >> Asset references an XLP entry (DIS_Veche_Modern_Base_04) that does not exist in the XLP (tilebases.xlp).
 >> Landmarks.artdef >> Districts >> DISTRICT_RWB_PILIAKALNIS >> BaseVariants >> BaseVariants061251652 >> Asset has had its value replaced with its default value.

 >> Landmarks.artdef >> Districts >> DISTRICT_RWB_PILIAKALNIS >> BaseVariants >> 666162NB >> Asset references an XLP entry (DIS_Veche_Modern_Base_04) that does not exist in the XLP (tilebases.xlp).
 >> Landmarks.artdef >> Districts >> DISTRICT_RWB_PILIAKALNIS >> BaseVariants >> 666162NB >> Asset has had its value replaced with its default value.

 >> Landmarks.artdef >> Districts >> DISTRICT_RWB_PILIAKALNIS >> BaseVariants >> BaseVarian61166ts064 >> Asset references an XLP entry (DIS_Veche_Modern_Base_04) that does not exist in the XLP (tilebases.xlp).
 >> Landmarks.artdef >> Districts >> DISTRICT_RWB_PILIAKALNIS >> BaseVariants >> BaseVarian61166ts064 >> Asset has had its value replaced with its default value.

 >> Landmarks.artdef >> Districts >> DISTRICT_RWB_PILIAKALNIS >> BaseVariants >> BaseVarian1616162ts065 >> Asset references an XLP entry (DIS_Veche_Modern_Base_04) that does not exist in the XLP (tilebases.xlp).
 >> Landmarks.artdef >> Districts >> DISTRICT_RWB_PILIAKALNIS >> BaseVariants >> BaseVarian1616162ts065 >> Asset has had its value replaced with its default value.

 >> Landmarks.artdef >> Districts >> DISTRICT_RWB_PILIAKALNIS >> BaseVariants >> BaseVariants25161616066 >> Asset references an XLP entry (DIS_Veche_Modern_Base_04) that does not exist in the XLP (tilebases.xlp).
 >> Landmarks.artdef >> Districts >> DISTRICT_RWB_PILIAKALNIS >> BaseVariants >> BaseVariants25161616066 >> Asset has had its value replaced with its default value.

Unable to find the ArtDef (Buildings_Shared.artdef) referenced by  >> Landmarks.artdef >> Districts >> DISTRICT_RWB_PILIAKALNIS >> BuildingVariants >> BuildingVariants5261 >> Tag_HeroBuilding.
 >> Landmarks.artdef >> Districts >> DISTRICT_RWB_PILIAKALNIS >> BuildingVariants >> BuildingVariants5261 >> Tag_HeroBuilding has had its value replaced with its default value.

Unable to find the XLP (Districts.xlp) referenced by  >> Landmarks.artdef >> Districts >> DISTRICT_RWB_PILIAKALNIS >> BuildingVariants >> BuildingVariants5261 >> Asset.
 >> Landmarks.artdef >> Districts >> DISTRICT_RWB_PILIAKALNIS >> BuildingVariants >> BuildingVariants5261 >> Asset has had its value replaced with its default value.

Unable to find the ArtDef (Buildings_Shared.artdef) referenced by  >> Landmarks.artdef >> Districts >> DISTRICT_RWB_PILIAKALNIS >> BuildingVariants >> BuildingVariants0016616 >> Tag_HeroBuilding.
 >> Landmarks.artdef >> Districts >> DISTRICT_RWB_PILIAKALNIS >> BuildingVariants >> BuildingVariants0016616 >> Tag_HeroBuilding has had its value replaced with its default value.

Unable to find the XLP (Districts.xlp) referenced by  >> Landmarks.artdef >> Districts >> DISTRICT_RWB_PILIAKALNIS >> BuildingVariants >> BuildingVariants0016616 >> Asset.
 >> Landmarks.artdef >> Districts >> DISTRICT_RWB_PILIAKALNIS >> BuildingVariants >> BuildingVariants0016616 >> Asset has had its value replaced with its default value.

Unable to find the ArtDef (Buildings_Shared.artdef) referenced by  >> Landmarks.artdef >> Districts >> DISTRICT_RWB_PILIAKALNIS >> BuildingVariants >> BuildingVariants0021616 >> Tag_HeroBuilding.
 >> Landmarks.artdef >> Districts >> DISTRICT_RWB_PILIAKALNIS >> BuildingVariants >> BuildingVariants0021616 >> Tag_HeroBuilding has had its value replaced with its default value.

Unable to find the XLP (Districts.xlp) referenced by  >> Landmarks.artdef >> Districts >> DISTRICT_RWB_PILIAKALNIS >> BuildingVariants >> BuildingVariants0021616 >> Asset.
 >> Landmarks.artdef >> Districts >> DISTRICT_RWB_PILIAKALNIS >> BuildingVariants >> BuildingVariants0021616 >> Asset has had its value replaced with its default value.

Unable to find the ArtDef (Buildings_Shared.artdef) referenced by  >> Landmarks.artdef >> Districts >> DISTRICT_RWB_PILIAKALNIS >> BuildingVariants >> BuildingVariants0036616 >> Tag_HeroBuilding.
 >> Landmarks.artdef >> Districts >> DISTRICT_RWB_PILIAKALNIS >> BuildingVariants >> BuildingVariants0036616 >> Tag_HeroBuilding has had its value replaced with its default value.

Unable to find the XLP (Districts.xlp) referenced by  >> Landmarks.artdef >> Districts >> DISTRICT_RWB_PILIAKALNIS >> BuildingVariants >> BuildingVariants0036616 >> Asset.
 >> Landmarks.artdef >> Districts >> DISTRICT_RWB_PILIAKALNIS >> BuildingVariants >> BuildingVariants0036616 >> Asset has had its value replaced with its default value.

Unable to find the ArtDef (Buildings_Shared.artdef) referenced by  >> Landmarks.artdef >> Districts >> DISTRICT_RWB_PILIAKALNIS >> BuildingVariants >> BuildingVariants004716551 >> Tag_HeroBuilding.
 >> Landmarks.artdef >> Districts >> DISTRICT_RWB_PILIAKALNIS >> BuildingVariants >> BuildingVariants004716551 >> Tag_HeroBuilding has had its value replaced with its default value.

Unable to find the XLP (Districts.xlp) referenced by  >> Landmarks.artdef >> Districts >> DISTRICT_RWB_PILIAKALNIS >> BuildingVariants >> BuildingVariants004716551 >> Asset.
 >> Landmarks.artdef >> Districts >> DISTRICT_RWB_PILIAKALNIS >> BuildingVariants >> BuildingVariants004716551 >> Asset has had its value replaced with its default value.

Unable to find the ArtDef (Buildings_Shared.artdef) referenced by  >> Landmarks.artdef >> Districts >> DISTRICT_RWB_PILIAKALNIS >> BuildingVariants >> BuildingVariants0057616516 >> Tag_HeroBuilding.
 >> Landmarks.artdef >> Districts >> DISTRICT_RWB_PILIAKALNIS >> BuildingVariants >> BuildingVariants0057616516 >> Tag_HeroBuilding has had its value replaced with its default value.

Unable to find the XLP (Districts.xlp) referenced by  >> Landmarks.artdef >> Districts >> DISTRICT_RWB_PILIAKALNIS >> BuildingVariants >> BuildingVariants0057616516 >> Asset.
 >> Landmarks.artdef >> Districts >> DISTRICT_RWB_PILIAKALNIS >> BuildingVariants >> BuildingVariants0057616516 >> Asset has had its value replaced with its default value.

Unable to find the ArtDef (Buildings_Shared.artdef) referenced by  >> Landmarks.artdef >> Districts >> DISTRICT_RWB_PILIAKALNIS >> BuildingVariants >> BuildingVariants006771 >> Tag_HeroBuilding.
 >> Landmarks.artdef >> Districts >> DISTRICT_RWB_PILIAKALNIS >> BuildingVariants >> BuildingVariants006771 >> Tag_HeroBuilding has had its value replaced with its default value.

Unable to find the XLP (Districts.xlp) referenced by  >> Landmarks.artdef >> Districts >> DISTRICT_RWB_PILIAKALNIS >> BuildingVariants >> BuildingVariants006771 >> Asset.
 >> Landmarks.artdef >> Districts >> DISTRICT_RWB_PILIAKALNIS >> BuildingVariants >> BuildingVariants006771 >> Asset has had its value replaced with its default value.

Unable to find the ArtDef (Buildings_Shared.artdef) referenced by  >> Landmarks.artdef >> Districts >> DISTRICT_RWB_PILIAKALNIS >> BuildingVariants >> BuildingVariants00776151 >> Tag_HeroBuilding.
 >> Landmarks.artdef >> Districts >> DISTRICT_RWB_PILIAKALNIS >> BuildingVariants >> BuildingVariants00776151 >> Tag_HeroBuilding has had its value replaced with its default value.

Unable to find the XLP (Districts.xlp) referenced by  >> Landmarks.artdef >> Districts >> DISTRICT_RWB_PILIAKALNIS >> BuildingVariants >> BuildingVariants00776151 >> Asset.
 >> Landmarks.artdef >> Districts >> DISTRICT_RWB_PILIAKALNIS >> BuildingVariants >> BuildingVariants00776151 >> Asset has had its value replaced with its default value.

Unable to find the ArtDef (Buildings_Shared.artdef) referenced by  >> Landmarks.artdef >> Districts >> DISTRICT_RWB_PILIAKALNIS >> BuildingVariants >> BuildingVariants008651516 >> Tag_HeroBuilding.
 >> Landmarks.artdef >> Districts >> DISTRICT_RWB_PILIAKALNIS >> BuildingVariants >> BuildingVariants008651516 >> Tag_HeroBuilding has had its value replaced with its default value.

Unable to find the XLP (Districts.xlp) referenced by  >> Landmarks.artdef >> Districts >> DISTRICT_RWB_PILIAKALNIS >> BuildingVariants >> BuildingVariants008651516 >> Asset.
 >> Landmarks.artdef >> Districts >> DISTRICT_RWB_PILIAKALNIS >> BuildingVariants >> BuildingVariants008651516 >> Asset has had its value replaced with its default value.

Unable to find the ArtDef (Buildings_Shared.artdef) referenced by  >> Landmarks.artdef >> Districts >> DISTRICT_RWB_PILIAKALNIS >> BuildingSets >> TALL >> Set001.
 >> Landmarks.artdef >> Districts >> DISTRICT_RWB_PILIAKALNIS >> BuildingSets >> TALL >> Set has had its value replaced with its default value.

Unable to find the ArtDef (Buildings_Shared.artdef) referenced by  >> Landmarks.artdef >> Districts >> DISTRICT_RWB_PILIAKALNIS >> BuildingSets >> WIDE >> Set001.
 >> Landmarks.artdef >> Districts >> DISTRICT_RWB_PILIAKALNIS >> BuildingSets >> WIDE >> Set has had its value replaced with its default value.

Unable to find the ArtDef (Buildings_Shared.artdef) referenced by  >> Landmarks.artdef >> Districts >> DISTRICT_RWB_PILIAKALNIS >> BuildingSets >> CONQUEST >> Set001.
 >> Landmarks.artdef >> Districts >> DISTRICT_RWB_PILIAKALNIS >> BuildingSets >> CONQUEST >> Set has had its value replaced with its default value.

Unable to find the ArtDef (Buildings_Shared.artdef) referenced by  >> Landmarks.artdef >> Districts >> DISTRICT_RWB_PILIAKALNIS >> BuildingSets >> TALL, SPIES >> Set001.
Unable to find the ArtDef (Buildings_Shared.artdef) referenced by  >> Landmarks.artdef >> Districts >> DISTRICT_RWB_PILIAKALNIS >> BuildingSets >> TALL, SPIES >> Set002.
 >> Landmarks.artdef >> Districts >> DISTRICT_RWB_PILIAKALNIS >> BuildingSets >> TALL, SPIES >> Set has had its value replaced with its default value.

Unable to find the ArtDef (Buildings_Shared.artdef) referenced by  >> Landmarks.artdef >> Districts >> DISTRICT_RWB_PILIAKALNIS >> BuildingSets >> TALL, FAITH >> Set001.
Unable to find the ArtDef (Buildings_Shared.artdef) referenced by  >> Landmarks.artdef >> Districts >> DISTRICT_RWB_PILIAKALNIS >> BuildingSets >> TALL, FAITH >> Set002.
 >> Landmarks.artdef >> Districts >> DISTRICT_RWB_PILIAKALNIS >> BuildingSets >> TALL, FAITH >> Set has had its value replaced with its default value.

Unable to find the ArtDef (Buildings_Shared.artdef) referenced by  >> Landmarks.artdef >> Districts >> DISTRICT_RWB_PILIAKALNIS >> BuildingSets >> WIDE, CITYSTATES >> Set001.
Unable to find the ArtDef (Buildings_Shared.artdef) referenced by  >> Landmarks.artdef >> Districts >> DISTRICT_RWB_PILIAKALNIS >> BuildingSets >> WIDE, CITYSTATES >> Set002.
 >> Landmarks.artdef >> Districts >> DISTRICT_RWB_PILIAKALNIS >> BuildingSets >> WIDE, CITYSTATES >> Set has had its value replaced with its default value.

Unable to find the ArtDef (Buildings_Shared.artdef) referenced by  >> Landmarks.artdef >> Districts >> DISTRICT_RWB_PILIAKALNIS >> BuildingSets >> WIDE, SPIES >> Set001.
Unable to find the ArtDef (Buildings_Shared.artdef) referenced by  >> Landmarks.artdef >> Districts >> DISTRICT_RWB_PILIAKALNIS >> BuildingSets >> WIDE, SPIES >> Set002.
 >> Landmarks.artdef >> Districts >> DISTRICT_RWB_PILIAKALNIS >> BuildingSets >> WIDE, SPIES >> Set has had its value replaced with its default value.

Unable to find the ArtDef (Buildings_Shared.artdef) referenced by  >> Landmarks.artdef >> Districts >> DISTRICT_RWB_PILIAKALNIS >> BuildingSets >> WIDE, FAITH >> Set001.
Unable to find the ArtDef (Buildings_Shared.artdef) referenced by  >> Landmarks.artdef >> Districts >> DISTRICT_RWB_PILIAKALNIS >> BuildingSets >> WIDE, FAITH >> Set002.
 >> Landmarks.artdef >> Districts >> DISTRICT_RWB_PILIAKALNIS >> BuildingSets >> WIDE, FAITH >> Set has had its value replaced with its default value.

Unable to find the ArtDef (Buildings_Shared.artdef) referenced by  >> Landmarks.artdef >> Districts >> DISTRICT_RWB_PILIAKALNIS >> BuildingSets >> CONQUEST, CITYSTATES >> Set001.
Unable to find the ArtDef (Buildings_Shared.artdef) referenced by  >> Landmarks.artdef >> Districts >> DISTRICT_RWB_PILIAKALNIS >> BuildingSets >> CONQUEST, CITYSTATES >> Set002.
 >> Landmarks.artdef >> Districts >> DISTRICT_RWB_PILIAKALNIS >> BuildingSets >> CONQUEST, CITYSTATES >> Set has had its value replaced with its default value.

Unable to find the ArtDef (Buildings_Shared.artdef) referenced by  >> Landmarks.artdef >> Districts >> DISTRICT_RWB_PILIAKALNIS >> BuildingSets >> CONQUEST, SPIES >> Set001.
Unable to find the ArtDef (Buildings_Shared.artdef) referenced by  >> Landmarks.artdef >> Districts >> DISTRICT_RWB_PILIAKALNIS >> BuildingSets >> CONQUEST, SPIES >> Set002.
 >> Landmarks.artdef >> Districts >> DISTRICT_RWB_PILIAKALNIS >> BuildingSets >> CONQUEST, SPIES >> Set has had its value replaced with its default value.

Unable to find the ArtDef (Buildings_Shared.artdef) referenced by  >> Landmarks.artdef >> Districts >> DISTRICT_RWB_PILIAKALNIS >> BuildingSets >> CONQUEST, FAITH >> Set001.
Unable to find the ArtDef (Buildings_Shared.artdef) referenced by  >> Landmarks.artdef >> Districts >> DISTRICT_RWB_PILIAKALNIS >> BuildingSets >> CONQUEST, FAITH >> Set002.
 >> Landmarks.artdef >> Districts >> DISTRICT_RWB_PILIAKALNIS >> BuildingSets >> CONQUEST, FAITH >> Set has had its value replaced with its default value.

Unable to find the ArtDef (Buildings_Shared.artdef) referenced by  >> Landmarks.artdef >> Districts >> DISTRICT_RWB_PILIAKALNIS >> BuildingSets >> TALL, CITYSTATES >> Set001.
Unable to find the ArtDef (Buildings_Shared.artdef) referenced by  >> Landmarks.artdef >> Districts >> DISTRICT_RWB_PILIAKALNIS >> BuildingSets >> TALL, CITYSTATES >> Set002.
 >> Landmarks.artdef >> Districts >> DISTRICT_RWB_PILIAKALNIS >> BuildingSets >> TALL, CITYSTATES >> Set has had its value replaced with its default value.

Unable to find the ArtDef (Buildings_Shared.artdef) referenced by  >> Landmarks.artdef >> Districts >> DISTRICT_RWB_PILIAKALNIS >> BuildingSets >> TALL, CITYSTATES, MILITARY >> Set001.
Unable to find the ArtDef (Buildings_Shared.artdef) referenced by  >> Landmarks.artdef >> Districts >> DISTRICT_RWB_PILIAKALNIS >> BuildingSets >> TALL, CITYSTATES, MILITARY >> Set002.
Unable to find the ArtDef (Buildings_Shared.artdef) referenced by  >> Landmarks.artdef >> Districts >> DISTRICT_RWB_PILIAKALNIS >> BuildingSets >> TALL, CITYSTATES, MILITARY >> Set003.
 >> Landmarks.artdef >> Districts >> DISTRICT_RWB_PILIAKALNIS >> BuildingSets >> TALL, CITYSTATES, MILITARY >> Set has had its value replaced with its default value.

Unable to find the ArtDef (Buildings_Shared.artdef) referenced by  >> Landmarks.artdef >> Districts >> DISTRICT_RWB_PILIAKALNIS >> BuildingSets >> TALL, CITYSTATES, CULTURE >> Set001.
Unable to find the ArtDef (Buildings_Shared.artdef) referenced by  >> Landmarks.artdef >> Districts >> DISTRICT_RWB_PILIAKALNIS >> BuildingSets >> TALL, CITYSTATES, CULTURE >> Set002.
Unable to find the ArtDef (Buildings_Shared.artdef) referenced by  >> Landmarks.artdef >> Districts >> DISTRICT_RWB_PILIAKALNIS >> BuildingSets >> TALL, CITYSTATES, CULTURE >> Set003.
 >> Landmarks.artdef >> Districts >> DISTRICT_RWB_PILIAKALNIS >> BuildingSets >> TALL, CITYSTATES, CULTURE >> Set has had its value replaced with its default value.

Unable to find the ArtDef (Buildings_Shared.artdef) referenced by  >> Landmarks.artdef >> Districts >> DISTRICT_RWB_PILIAKALNIS >> BuildingSets >> TALL, CITYSTATES, SCIENCE >> Set001.
Unable to find the ArtDef (Buildings_Shared.artdef) referenced by  >> Landmarks.artdef >> Districts >> DISTRICT_RWB_PILIAKALNIS >> BuildingSets >> TALL, CITYSTATES, SCIENCE >> Set002.
Unable to find the ArtDef (Buildings_Shared.artdef) referenced by  >> Landmarks.artdef >> Districts >> DISTRICT_RWB_PILIAKALNIS >> BuildingSets >> TALL, CITYSTATES, SCIENCE >> Set003.
 >> Landmarks.artdef >> Districts >> DISTRICT_RWB_PILIAKALNIS >> BuildingSets >> TALL, CITYSTATES, SCIENCE >> Set has had its value replaced with its default value.

Unable to find the ArtDef (Buildings_Shared.artdef) referenced by  >> Landmarks.artdef >> Districts >> DISTRICT_RWB_PILIAKALNIS >> BuildingSets >> TALL, SPIES, MILITARY >> Set001.
Unable to find the ArtDef (Buildings_Shared.artdef) referenced by  >> Landmarks.artdef >> Districts >> DISTRICT_RWB_PILIAKALNIS >> BuildingSets >> TALL, SPIES, MILITARY >> Set002.
Unable to find the ArtDef (Buildings_Shared.artdef) referenced by  >> Landmarks.artdef >> Districts >> DISTRICT_RWB_PILIAKALNIS >> BuildingSets >> TALL, SPIES, MILITARY >> Set003.
 >> Landmarks.artdef >> Districts >> DISTRICT_RWB_PILIAKALNIS >> BuildingSets >> TALL, SPIES, MILITARY >> Set has had its value replaced with its default value.

Unable to find the ArtDef (Buildings_Shared.artdef) referenced by  >> Landmarks.artdef >> Districts >> DISTRICT_RWB_PILIAKALNIS >> BuildingSets >> TALL, SPIES, CULTURE >> Set001.
Unable to find the ArtDef (Buildings_Shared.artdef) referenced by  >> Landmarks.artdef >> Districts >> DISTRICT_RWB_PILIAKALNIS >> BuildingSets >> TALL, SPIES, CULTURE >> Set002.
Unable to find the ArtDef (Buildings_Shared.artdef) referenced by  >> Landmarks.artdef >> Districts >> DISTRICT_RWB_PILIAKALNIS >> BuildingSets >> TALL, SPIES, CULTURE >> Set003.
 >> Landmarks.artdef >> Districts >> DISTRICT_RWB_PILIAKALNIS >> BuildingSets >> TALL, SPIES, CULTURE >> Set has had its value replaced with its default value.

Unable to find the ArtDef (Buildings_Shared.artdef) referenced by  >> Landmarks.artdef >> Districts >> DISTRICT_RWB_PILIAKALNIS >> BuildingSets >> TALL, SPIES, SCIENCE >> Set001.
Unable to find the ArtDef (Buildings_Shared.artdef) referenced by  >> Landmarks.artdef >> Districts >> DISTRICT_RWB_PILIAKALNIS >> BuildingSets >> TALL, SPIES, SCIENCE >> Set002.
Unable to find the ArtDef (Buildings_Shared.artdef) referenced by  >> Landmarks.artdef >> Districts >> DISTRICT_RWB_PILIAKALNIS >> BuildingSets >> TALL, SPIES, SCIENCE >> Set003.
 >> Landmarks.artdef >> Districts >> DISTRICT_RWB_PILIAKALNIS >> BuildingSets >> TALL, SPIES, SCIENCE >> Set has had its value replaced with its default value.

Unable to find the ArtDef (Buildings_Shared.artdef) referenced by  >> Landmarks.artdef >> Districts >> DISTRICT_RWB_PILIAKALNIS >> BuildingSets >> TALL, FAITH, MILITARY >> Set001.
Unable to find the ArtDef (Buildings_Shared.artdef) referenced by  >> Landmarks.artdef >> Districts >> DISTRICT_RWB_PILIAKALNIS >> BuildingSets >> TALL, FAITH, MILITARY >> Set002.
Unable to find the ArtDef (Buildings_Shared.artdef) referenced by  >> Landmarks.artdef >> Districts >> DISTRICT_RWB_PILIAKALNIS >> BuildingSets >> TALL, FAITH, MILITARY >> Set003.
 >> Landmarks.artdef >> Districts >> DISTRICT_RWB_PILIAKALNIS >> BuildingSets >> TALL, FAITH, MILITARY >> Set has had its value replaced with its default value.

Unable to find the ArtDef (Buildings_Shared.artdef) referenced by  >> Landmarks.artdef >> Districts >> DISTRICT_RWB_PILIAKALNIS >> BuildingSets >> TALL, FAITH, CULTURE >> Set001.
Unable to find the ArtDef (Buildings_Shared.artdef) referenced by  >> Landmarks.artdef >> Districts >> DISTRICT_RWB_PILIAKALNIS >> BuildingSets >> TALL, FAITH, CULTURE >> Set002.
Unable to find the ArtDef (Buildings_Shared.artdef) referenced by  >> Landmarks.artdef >> Districts >> DISTRICT_RWB_PILIAKALNIS >> BuildingSets >> TALL, FAITH, CULTURE >> Set003.
 >> Landmarks.artdef >> Districts >> DISTRICT_RWB_PILIAKALNIS >> BuildingSets >> TALL, FAITH, CULTURE >> Set has had its value replaced with its default value.

Unable to find the ArtDef (Buildings_Shared.artdef) referenced by  >> Landmarks.artdef >> Districts >> DISTRICT_RWB_PILIAKALNIS >> BuildingSets >> TALL, FAITH, SCIENCE >> Set001.
Unable to find the ArtDef (Buildings_Shared.artdef) referenced by  >> Landmarks.artdef >> Districts >> DISTRICT_RWB_PILIAKALNIS >> BuildingSets >> TALL, FAITH, SCIENCE >> Set002.
Unable to find the ArtDef (Buildings_Shared.artdef) referenced by  >> Landmarks.artdef >> Districts >> DISTRICT_RWB_PILIAKALNIS >> BuildingSets >> TALL, FAITH, SCIENCE >> Set003.
 >> Landmarks.artdef >> Districts >> DISTRICT_RWB_PILIAKALNIS >> BuildingSets >> TALL, FAITH, SCIENCE >> Set has had its value replaced with its default value.

Unable to find the ArtDef (Buildings_Shared.artdef) referenced by  >> Landmarks.artdef >> Districts >> DISTRICT_RWB_PILIAKALNIS >> BuildingSets >> WIDE, CITYSTATES, MILITARY >> Set001.
Unable to find the ArtDef (Buildings_Shared.artdef) referenced by  >> Landmarks.artdef >> Districts >> DISTRICT_RWB_PILIAKALNIS >> BuildingSets >> WIDE, CITYSTATES, MILITARY >> Set002.
Unable to find the ArtDef (Buildings_Shared.artdef) referenced by  >> Landmarks.artdef >> Districts >> DISTRICT_RWB_PILIAKALNIS >> BuildingSets >> WIDE, CITYSTATES, MILITARY >> Set003.
 >> Landmarks.artdef >> Districts >> DISTRICT_RWB_PILIAKALNIS >> BuildingSets >> WIDE, CITYSTATES, MILITARY >> Set has had its value replaced with its default value.

Unable to find the ArtDef (Buildings_Shared.artdef) referenced by  >> Landmarks.artdef >> Districts >> DISTRICT_RWB_PILIAKALNIS >> BuildingSets >> WIDE, CITYSTATES, CULTURE >> Set001.
Unable to find the ArtDef (Buildings_Shared.artdef) referenced by  >> Landmarks.artdef >> Districts >> DISTRICT_RWB_PILIAKALNIS >> BuildingSets >> WIDE, CITYSTATES, CULTURE >> Set002.
Unable to find the ArtDef (Buildings_Shared.artdef) referenced by  >> Landmarks.artdef >> Districts >> DISTRICT_RWB_PILIAKALNIS >> BuildingSets >> WIDE, CITYSTATES, CULTURE >> Set003.
 >> Landmarks.artdef >> Districts >> DISTRICT_RWB_PILIAKALNIS >> BuildingSets >> WIDE, CITYSTATES, CULTURE >> Set has had its value replaced with its default value.

Unable to find the ArtDef (Buildings_Shared.artdef) referenced by  >> Landmarks.artdef >> Districts >> DISTRICT_RWB_PILIAKALNIS >> BuildingSets >> WIDE, CITYSTATES, SCIENCE >> Set001.
Unable to find the ArtDef (Buildings_Shared.artdef) referenced by  >> Landmarks.artdef >> Districts >> DISTRICT_RWB_PILIAKALNIS >> BuildingSets >> WIDE, CITYSTATES, SCIENCE >> Set002.
Unable to find the ArtDef (Buildings_Shared.artdef) referenced by  >> Landmarks.artdef >> Districts >> DISTRICT_RWB_PILIAKALNIS >> BuildingSets >> WIDE, CITYSTATES, SCIENCE >> Set003.
 >> Landmarks.artdef >> Districts >> DISTRICT_RWB_PILIAKALNIS >> BuildingSets >> WIDE, CITYSTATES, SCIENCE >> Set has had its value replaced with its default value.

Unable to find the ArtDef (Buildings_Shared.artdef) referenced by  >> Landmarks.artdef >> Districts >> DISTRICT_RWB_PILIAKALNIS >> BuildingSets >> WIDE, SPIES, MILITARY >> Set001.
Unable to find the ArtDef (Buildings_Shared.artdef) referenced by  >> Landmarks.artdef >> Districts >> DISTRICT_RWB_PILIAKALNIS >> BuildingSets >> WIDE, SPIES, MILITARY >> Set002.
Unable to find the ArtDef (Buildings_Shared.artdef) referenced by  >> Landmarks.artdef >> Districts >> DISTRICT_RWB_PILIAKALNIS >> BuildingSets >> WIDE, SPIES, MILITARY >> Set003.
 >> Landmarks.artdef >> Districts >> DISTRICT_RWB_PILIAKALNIS >> BuildingSets >> WIDE, SPIES, MILITARY >> Set has had its value replaced with its default value.

Unable to find the ArtDef (Buildings_Shared.artdef) referenced by  >> Landmarks.artdef >> Districts >> DISTRICT_RWB_PILIAKALNIS >> BuildingSets >> WIDE, SPIES, CULTURE >> Set001.
Unable to find the ArtDef (Buildings_Shared.artdef) referenced by  >> Landmarks.artdef >> Districts >> DISTRICT_RWB_PILIAKALNIS >> BuildingSets >> WIDE, SPIES, CULTURE >> Set002.
Unable to find the ArtDef (Buildings_Shared.artdef) referenced by  >> Landmarks.artdef >> Districts >> DISTRICT_RWB_PILIAKALNIS >> BuildingSets >> WIDE, SPIES, CULTURE >> Set003.
 >> Landmarks.artdef >> Districts >> DISTRICT_RWB_PILIAKALNIS >> BuildingSets >> WIDE, SPIES, CULTURE >> Set has had its value replaced with its default value.

Unable to find the ArtDef (Buildings_Shared.artdef) referenced by  >> Landmarks.artdef >> Districts >> DISTRICT_RWB_PILIAKALNIS >> BuildingSets >> WIDE, SPIES, SCIENCE >> Set001.
Unable to find the ArtDef (Buildings_Shared.artdef) referenced by  >> Landmarks.artdef >> Districts >> DISTRICT_RWB_PILIAKALNIS >> BuildingSets >> WIDE, SPIES, SCIENCE >> Set002.
Unable to find the ArtDef (Buildings_Shared.artdef) referenced by  >> Landmarks.artdef >> Districts >> DISTRICT_RWB_PILIAKALNIS >> BuildingSets >> WIDE, SPIES, SCIENCE >> Set003.
 >> Landmarks.artdef >> Districts >> DISTRICT_RWB_PILIAKALNIS >> BuildingSets >> WIDE, SPIES, SCIENCE >> Set has had its value replaced with its default value.

Unable to find the ArtDef (Buildings_Shared.artdef) referenced by  >> Landmarks.artdef >> Districts >> DISTRICT_RWB_PILIAKALNIS >> BuildingSets >> WIDE, FAITH, MILITARY >> Set001.
Unable to find the ArtDef (Buildings_Shared.artdef) referenced by  >> Landmarks.artdef >> Districts >> DISTRICT_RWB_PILIAKALNIS >> BuildingSets >> WIDE, FAITH, MILITARY >> Set002.
Unable to find the ArtDef (Buildings_Shared.artdef) referenced by  >> Landmarks.artdef >> Districts >> DISTRICT_RWB_PILIAKALNIS >> BuildingSets >> WIDE, FAITH, MILITARY >> Set003.
 >> Landmarks.artdef >> Districts >> DISTRICT_RWB_PILIAKALNIS >> BuildingSets >> WIDE, FAITH, MILITARY >> Set has had its value replaced with its default value.

Unable to find the ArtDef (Buildings_Shared.artdef) referenced by  >> Landmarks.artdef >> Districts >> DISTRICT_RWB_PILIAKALNIS >> BuildingSets >> WIDE, FAITH, CULTURE >> Set001.
Unable to find the ArtDef (Buildings_Shared.artdef) referenced by  >> Landmarks.artdef >> Districts >> DISTRICT_RWB_PILIAKALNIS >> BuildingSets >> WIDE, FAITH, CULTURE >> Set002.
Unable to find the ArtDef (Buildings_Shared.artdef) referenced by  >> Landmarks.artdef >> Districts >> DISTRICT_RWB_PILIAKALNIS >> BuildingSets >> WIDE, FAITH, CULTURE >> Set003.
 >> Landmarks.artdef >> Districts >> DISTRICT_RWB_PILIAKALNIS >> BuildingSets >> WIDE, FAITH, CULTURE >> Set has had its value replaced with its default value.

Unable to find the ArtDef (Buildings_Shared.artdef) referenced by  >> Landmarks.artdef >> Districts >> DISTRICT_RWB_PILIAKALNIS >> BuildingSets >> WIDE, FAITH, SCIENCE >> Set001.
Unable to find the ArtDef (Buildings_Shared.artdef) referenced by  >> Landmarks.artdef >> Districts >> DISTRICT_RWB_PILIAKALNIS >> BuildingSets >> WIDE, FAITH, SCIENCE >> Set002.
Unable to find the ArtDef (Buildings_Shared.artdef) referenced by  >> Landmarks.artdef >> Districts >> DISTRICT_RWB_PILIAKALNIS >> BuildingSets >> WIDE, FAITH, SCIENCE >> Set003.
 >> Landmarks.artdef >> Districts >> DISTRICT_RWB_PILIAKALNIS >> BuildingSets >> WIDE, FAITH, SCIENCE >> Set has had its value replaced with its default value.

Unable to find the ArtDef (Buildings_Shared.artdef) referenced by  >> Landmarks.artdef >> Districts >> DISTRICT_RWB_PILIAKALNIS >> BuildingSets >> CONQUEST, CITYSTATES, MILITARY >> Set001.
Unable to find the ArtDef (Buildings_Shared.artdef) referenced by  >> Landmarks.artdef >> Districts >> DISTRICT_RWB_PILIAKALNIS >> BuildingSets >> CONQUEST, CITYSTATES, MILITARY >> Set002.
Unable to find the ArtDef (Buildings_Shared.artdef) referenced by  >> Landmarks.artdef >> Districts >> DISTRICT_RWB_PILIAKALNIS >> BuildingSets >> CONQUEST, CITYSTATES, MILITARY >> Set003.
 >> Landmarks.artdef >> Districts >> DISTRICT_RWB_PILIAKALNIS >> BuildingSets >> CONQUEST, CITYSTATES, MILITARY >> Set has had its value replaced with its default value.

Unable to find the ArtDef (Buildings_Shared.artdef) referenced by  >> Landmarks.artdef >> Districts >> DISTRICT_RWB_PILIAKALNIS >> BuildingSets >> CONQUEST, CITYSTATES, CULTURE >> Set001.
Unable to find the ArtDef (Buildings_Shared.artdef) referenced by  >> Landmarks.artdef >> Districts >> DISTRICT_RWB_PILIAKALNIS >> BuildingSets >> CONQUEST, CITYSTATES, CULTURE >> Set002.
Unable to find the ArtDef (Buildings_Shared.artdef) referenced by  >> Landmarks.artdef >> Districts >> DISTRICT_RWB_PILIAKALNIS >> BuildingSets >> CONQUEST, CITYSTATES, CULTURE >> Set003.
 >> Landmarks.artdef >> Districts >> DISTRICT_RWB_PILIAKALNIS >> BuildingSets >> CONQUEST, CITYSTATES, CULTURE >> Set has had its value replaced with its default value.

Unable to find the ArtDef (Buildings_Shared.artdef) referenced by  >> Landmarks.artdef >> Districts >> DISTRICT_RWB_PILIAKALNIS >> BuildingSets >> CONQUEST, CITYSTATES, SCIENCE >> Set001.
Unable to find the ArtDef (Buildings_Shared.artdef) referenced by  >> Landmarks.artdef >> Districts >> DISTRICT_RWB_PILIAKALNIS >> BuildingSets >> CONQUEST, CITYSTATES, SCIENCE >> Set002.
Unable to find the ArtDef (Buildings_Shared.artdef) referenced by  >> Landmarks.artdef >> Districts >> DISTRICT_RWB_PILIAKALNIS >> BuildingSets >> CONQUEST, CITYSTATES, SCIENCE >> Set003.
 >> Landmarks.artdef >> Districts >> DISTRICT_RWB_PILIAKALNIS >> BuildingSets >> CONQUEST, CITYSTATES, SCIENCE >> Set has had its value replaced with its default value.

Unable to find the ArtDef (Buildings_Shared.artdef) referenced by  >> Landmarks.artdef >> Districts >> DISTRICT_RWB_PILIAKALNIS >> BuildingSets >> CONQUEST, SPIES, MILITARY >> Set001.
Unable to find the ArtDef (Buildings_Shared.artdef) referenced by  >> Landmarks.artdef >> Districts >> DISTRICT_RWB_PILIAKALNIS >> BuildingSets >> CONQUEST, SPIES, MILITARY >> Set002.
Unable to find the ArtDef (Buildings_Shared.artdef) referenced by  >> Landmarks.artdef >> Districts >> DISTRICT_RWB_PILIAKALNIS >> BuildingSets >> CONQUEST, SPIES, MILITARY >> Set003.
 >> Landmarks.artdef >> Districts >> DISTRICT_RWB_PILIAKALNIS >> BuildingSets >> CONQUEST, SPIES, MILITARY >> Set has had its value replaced with its default value.

Unable to find the ArtDef (Buildings_Shared.artdef) referenced by  >> Landmarks.artdef >> Districts >> DISTRICT_RWB_PILIAKALNIS >> BuildingSets >> CONQUEST, SPIES, CULTURE >> Set001.
Unable to find the ArtDef (Buildings_Shared.artdef) referenced by  >> Landmarks.artdef >> Districts >> DISTRICT_RWB_PILIAKALNIS >> BuildingSets >> CONQUEST, SPIES, CULTURE >> Set002.
Unable to find the ArtDef (Buildings_Shared.artdef) referenced by  >> Landmarks.artdef >> Districts >> DISTRICT_RWB_PILIAKALNIS >> BuildingSets >> CONQUEST, SPIES, CULTURE >> Set003.
 >> Landmarks.artdef >> Districts >> DISTRICT_RWB_PILIAKALNIS >> BuildingSets >> CONQUEST, SPIES, CULTURE >> Set has had its value replaced with its default value.

Unable to find the ArtDef (Buildings_Shared.artdef) referenced by  >> Landmarks.artdef >> Districts >> DISTRICT_RWB_PILIAKALNIS >> BuildingSets >> CONQUEST, SPIES, SCIENCE >> Set001.
Unable to find the ArtDef (Buildings_Shared.artdef) referenced by  >> Landmarks.artdef >> Districts >> DISTRICT_RWB_PILIAKALNIS >> BuildingSets >> CONQUEST, SPIES, SCIENCE >> Set002.
Unable to find the ArtDef (Buildings_Shared.artdef) referenced by  >> Landmarks.artdef >> Districts >> DISTRICT_RWB_PILIAKALNIS >> BuildingSets >> CONQUEST, SPIES, SCIENCE >> Set003.
 >> Landmarks.artdef >> Districts >> DISTRICT_RWB_PILIAKALNIS >> BuildingSets >> CONQUEST, SPIES, SCIENCE >> Set has had its value replaced with its default value.

Unable to find the ArtDef (Buildings_Shared.artdef) referenced by  >> Landmarks.artdef >> Districts >> DISTRICT_RWB_PILIAKALNIS >> BuildingSets >> CONQUEST, FAITH, MILITARY >> Set001.
Unable to find the ArtDef (Buildings_Shared.artdef) referenced by  >> Landmarks.artdef >> Districts >> DISTRICT_RWB_PILIAKALNIS >> BuildingSets >> CONQUEST, FAITH, MILITARY >> Set002.
Unable to find the ArtDef (Buildings_Shared.artdef) referenced by  >> Landmarks.artdef >> Districts >> DISTRICT_RWB_PILIAKALNIS >> BuildingSets >> CONQUEST, FAITH, MILITARY >> Set003.
 >> Landmarks.artdef >> Districts >> DISTRICT_RWB_PILIAKALNIS >> BuildingSets >> CONQUEST, FAITH, MILITARY >> Set has had its value replaced with its default value.

Unable to find the ArtDef (Buildings_Shared.artdef) referenced by  >> Landmarks.artdef >> Districts >> DISTRICT_RWB_PILIAKALNIS >> BuildingSets >> CONQUEST, FAITH, CULTURE >> Set001.
Unable to find the ArtDef (Buildings_Shared.artdef) referenced by  >> Landmarks.artdef >> Districts >> DISTRICT_RWB_PILIAKALNIS >> BuildingSets >> CONQUEST, FAITH, CULTURE >> Set002.
Unable to find the ArtDef (Buildings_Shared.artdef) referenced by  >> Landmarks.artdef >> Districts >> DISTRICT_RWB_PILIAKALNIS >> BuildingSets >> CONQUEST, FAITH, CULTURE >> Set003.
 >> Landmarks.artdef >> Districts >> DISTRICT_RWB_PILIAKALNIS >> BuildingSets >> CONQUEST, FAITH, CULTURE >> Set has had its value replaced with its default value.

Unable to find the ArtDef (Buildings_Shared.artdef) referenced by  >> Landmarks.artdef >> Districts >> DISTRICT_RWB_PILIAKALNIS >> BuildingSets >> CONQUEST, FAITH, SCIENCE >> Set001.
Unable to find the ArtDef (Buildings_Shared.artdef) referenced by  >> Landmarks.artdef >> Districts >> DISTRICT_RWB_PILIAKALNIS >> BuildingSets >> CONQUEST, FAITH, SCIENCE >> Set002.
Unable to find the ArtDef (Buildings_Shared.artdef) referenced by  >> Landmarks.artdef >> Districts >> DISTRICT_RWB_PILIAKALNIS >> BuildingSets >> CONQUEST, FAITH, SCIENCE >> Set003.
 >> Landmarks.artdef >> Districts >> DISTRICT_RWB_PILIAKALNIS >> BuildingSets >> CONQUEST, FAITH, SCIENCE >> Set has had its value replaced with its default value.

Cooking ArtDef: (Districts.artdef).
 >> Districts.artdef >> District >> DISTRICT_RWB_PILIAKALNIS >> StrategicView >> StrategicView >> XrefName references an ArtDef entry (BaseGov) that does not exist in the ArtDef Collection (Districts) of ArtDef (StrategicView.artdef).
 >> Districts.artdef >> District >> DISTRICT_RWB_PILIAKALNIS >> StrategicView >> StrategicView >> XrefName has had its value replaced with its default value.

 >> Districts.artdef >> District >> DISTRICT_RWB_PILIAKALNIS >> StrategicView >> StrategicView001 >> XrefName references an ArtDef entry (BaseGov_Pillaged) that does not exist in the ArtDef Collection (Districts) of ArtDef (StrategicView.artdef).
 >> Districts.artdef >> District >> DISTRICT_RWB_PILIAKALNIS >> StrategicView >> StrategicView001 >> XrefName has had its value replaced with its default value.

 >> Districts.artdef >> District >> DISTRICT_RWB_PILIAKALNIS >> StrategicView >> StrategicView002 >> XrefName references an ArtDef entry (BaseGov_UnderConstruction) that does not exist in the ArtDef Collection (Districts) of ArtDef (StrategicView.artdef).
 >> Districts.artdef >> District >> DISTRICT_RWB_PILIAKALNIS >> StrategicView >> StrategicView002 >> XrefName has had its value replaced with its default value.

Cooking ArtDef: (Buildings.artdef).
Cooking ArtDef: (StrategicView.artdef).
Cooking ArtDef: (Clutter.artdef).
Cooking ArtDef: (Terrains.artdef).
Cooking ArtDef: (Features.artdef).
Cooking ArtDef: (VFX.artdef).
Cooking ArtDef: (Units.artdef).
 >> Units.artdef >> UnitAttachmentBins >> Armor >> Groups >> Mer_Druzhina >> Cultures >> Any >> Assets >> A >> Asset references an XLP entry (Druzhina_Armor) that does not exist in the XLP (Units.xlp).
 >> Units.artdef >> UnitAttachmentBins >> Armor >> Groups >> Mer_Druzhina >> Cultures >> Any >> Assets >> A >> Asset has had its value replaced with its default value.

 >> Units.artdef >> UnitAttachmentBins >> Hats >> Groups >> Mer_Druzhina >> Cultures >> Any >> Assets >> A >> Asset references an XLP entry (Druzhina_Helmet) that does not exist in the XLP (Units.xlp).
 >> Units.artdef >> UnitAttachmentBins >> Hats >> Groups >> Mer_Druzhina >> Cultures >> Any >> Assets >> A >> Asset has had its value replaced with its default value.

 >> Units.artdef >> UnitAttachmentBins >> Shields >> Groups >> Mer_Druzhina >> Cultures >> Any >> Assets >> Assets >> Asset references an XLP entry (Russian_KiteShieldA) that does not exist in the XLP (Units.xlp).
 >> Units.artdef >> UnitAttachmentBins >> Shields >> Groups >> Mer_Druzhina >> Cultures >> Any >> Assets >> Assets >> Asset has had its value replaced with its default value.

 >> Units.artdef >> UnitAttachmentBins >> Shields >> Groups >> Mer_Druzhina >> Cultures >> Any >> Assets >> Assets001 >> Asset references an XLP entry (Russian_KiteShieldB) that does not exist in the XLP (Units.xlp).
 >> Units.artdef >> UnitAttachmentBins >> Shields >> Groups >> Mer_Druzhina >> Cultures >> Any >> Assets >> Assets001 >> Asset has had its value replaced with its default value.

 >> Units.artdef >> UnitAttachmentBins >> Shields >> Groups >> Mer_Druzhina >> Cultures >> Any >> Assets >> Assets002 >> Asset references an XLP entry (Russian_KiteShieldC) that does not exist in the XLP (Units.xlp).
 >> Units.artdef >> UnitAttachmentBins >> Shields >> Groups >> Mer_Druzhina >> Cultures >> Any >> Assets >> Assets002 >> Asset has had its value replaced with its default value.

 >> Units.artdef >> UnitAttachmentBins >> Shields >> Groups >> Mer_Druzhina >> Cultures >> Any >> Assets >> Assets003 >> Asset references an XLP entry (Russian_KiteShieldD) that does not exist in the XLP (Units.xlp).
 >> Units.artdef >> UnitAttachmentBins >> Shields >> Groups >> Mer_Druzhina >> Cultures >> Any >> Assets >> Assets003 >> Asset has had its value replaced with its default value.

 >> Units.artdef >> UnitMemberTypes >> UNIT_RWB_LANDOWNER >> Movement is an empty ArtDef Reference. Expected ArtDef: (Units.artdef). Expected Collection: (UnitMovementTypes).
 >> Units.artdef >> UnitMemberTypes >> UNIT_RWB_LANDOWNER >> Movement has had its value replaced with its default value.

 >> Units.artdef >> UnitMemberTypes >> UNIT_RWB_LANDOWNER >> Combat is an empty ArtDef Reference. Expected ArtDef: (Units.artdef). Expected Collection: (MemberCombat).
 >> Units.artdef >> UnitMemberTypes >> UNIT_RWB_LANDOWNER >> Combat has had its value replaced with its default value.

 >> Units.artdef >> UnitMemberTypes >> UNIT_RWB_LANDOWNER >> VFXMaterialType references an ArtDef Collection (MaterialTypes) that does not exist in ArtDef (Units.artdef).
 >> Units.artdef >> UnitMemberTypes >> UNIT_RWB_LANDOWNER >> VFXMaterialType has had its value replaced with its default value.

 >> Units.artdef >> UnitMemberTypes >> UNIT_RWB_LANDOWNER >> VFXWeaponImpact references an ArtDef Collection (MaterialTypes) that does not exist in ArtDef (Units.artdef).
 >> Units.artdef >> UnitMemberTypes >> UNIT_RWB_LANDOWNER >> VFXWeaponImpact has had its value replaced with its default value.

Cook finished for ArtDef at Path: 'Units.artdef' with Template: 'Units'
ArtDef cook completed.
Dependencies for file 'Buildings_Shared.artdef' will not be included in the dependency data.
Opened output file: C:/Users/b.andula/Documents/My Games/Sid Meier's Civilization VI/Mods/RwbyMoon's Lithuania/Lithuania.dep    For project Lithuania
Unable to auto-generate ArtDef dependency information.  This will need to be done manually.Cook completed in 0.214 seconds